INFO 2021-05-17 21:20:41,305 basehttp 21250 139856158316288 "GET / HTTP/1.1" 200 531 ('GET / HTTP/1.1', '200', '531')
INFO 2021-05-17 21:21:51,242 autoreload 21250 139856205764416 /home/oem/www/skydns/django/skydjango/tickets/views.py changed, reloading. (PosixPath('/home/oem/www/skydns/django/skydjango/tickets/views.py'),)
INFO 2021-05-17 21:21:52,370 autoreload 21402 140498861000512 Watching for file changes with StatReloader ('StatReloader',)
INFO 2021-05-17 21:23:07,485 autoreload 21402 140498861000512 /home/oem/www/skydns/django/skydjango/tickets/views.py changed, reloading. (PosixPath('/home/oem/www/skydns/django/skydjango/tickets/views.py'),)
INFO 2021-05-17 21:23:08,288 autoreload 21510 139937138890560 Watching for file changes with StatReloader ('StatReloader',)
INFO 2021-05-17 21:23:13,086 autoreload 21510 139937138890560 /home/oem/www/skydns/django/skydjango/tickets/views.py changed, reloading. (PosixPath('/home/oem/www/skydns/django/skydjango/tickets/views.py'),)
INFO 2021-05-17 21:23:14,279 autoreload 21517 140258880546624 Watching for file changes with StatReloader ('StatReloader',)
INFO 2021-05-17 21:23:16,192 basehttp 21517 140258833098496 "GET / HTTP/1.1" 200 531 ('GET / HTTP/1.1', '200', '531')
INFO 2021-05-17 21:23:40,972 autoreload 21517 140258880546624 /home/oem/www/skydns/django/skydjango/tickets/views.py changed, reloading. (PosixPath('/home/oem/www/skydns/django/skydjango/tickets/views.py'),)
INFO 2021-05-17 21:23:42,155 autoreload 21574 139922260379456 Watching for file changes with StatReloader ('StatReloader',)
ERROR 2021-05-17 21:23:43,543 views 21574 139922213455616 sad ()
INFO 2021-05-17 21:23:43,573 basehttp 21574 139922213455616 "GET / HTTP/1.1" 200 531 ('GET / HTTP/1.1', '200', '531')
INFO 2021-05-17 21:24:01,651 autoreload 21574 139922260379456 /home/oem/www/skydns/django/skydjango/tickets/views.py changed, reloading. (PosixPath('/home/oem/www/skydns/django/skydjango/tickets/views.py'),)
INFO 2021-05-17 21:24:02,499 autoreload 21625 139743744718656 Watching for file changes with StatReloader ('StatReloader',)
INFO 2021-05-17 21:24:04,163 autoreload 21625 139743744718656 /home/oem/www/skydns/django/skydjango/tickets/views.py changed, reloading. (PosixPath('/home/oem/www/skydns/django/skydjango/tickets/views.py'),)
INFO 2021-05-17 21:24:04,906 autoreload 21631 139836796135232 Watching for file changes with StatReloader ('StatReloader',)
INFO 2021-05-17 21:24:11,845 autoreload 21631 139836796135232 /home/oem/www/skydns/django/skydjango/tickets/views.py changed, reloading. (PosixPath('/home/oem/www/skydns/django/skydjango/tickets/views.py'),)
INFO 2021-05-17 21:24:12,769 autoreload 21638 140066005432128 Watching for file changes with StatReloader ('StatReloader',)
INFO 2021-05-17 21:24:19,652 autoreload 21638 140066005432128 /home/oem/www/skydns/django/skydjango/tickets/views.py changed, reloading. (PosixPath('/home/oem/www/skydns/django/skydjango/tickets/views.py'),)
INFO 2021-05-17 21:24:20,871 autoreload 21645 139863699392320 Watching for file changes with StatReloader ('StatReloader',)
INFO 2021-05-17 21:24:22,171 views 21645 139863652468480 <WSGIRequest: POST '/'> ()
INFO 2021-05-17 21:24:22,174 basehttp 21645 139863652468480 "POST / HTTP/1.1" 302 0 ('POST / HTTP/1.1', '302', '0')
INFO 2021-05-17 21:24:22,223 basehttp 21645 139863652468480 "GET / HTTP/1.1" 200 531 ('GET / HTTP/1.1', '200', '531')
INFO 2021-05-17 21:24:45,440 autoreload 21645 139863699392320 /home/oem/www/skydns/django/skydjango/tickets/views.py changed, reloading. (PosixPath('/home/oem/www/skydns/django/skydjango/tickets/views.py'),)
INFO 2021-05-17 21:24:46,601 autoreload 21701 140637637338944 Watching for file changes with StatReloader ('StatReloader',)
INFO 2021-05-17 21:24:47,806 views 21701 140637590415104 <QueryDict: {'csrfmiddlewaretoken': ['y4rXZLvFngqaX3vGeGTCZQrugsbm1mqFZDs1fKVaFkadLUmO0GdftPxpnGJs2pbE'], 'sender': ['dauren10@yandex.kz']}> ()
INFO 2021-05-17 21:24:47,808 basehttp 21701 140637590415104 "POST / HTTP/1.1" 302 0 ('POST / HTTP/1.1', '302', '0')
INFO 2021-05-17 21:24:47,833 basehttp 21701 140637590415104 "GET / HTTP/1.1" 200 531 ('GET / HTTP/1.1', '200', '531')
INFO 2021-05-17 21:33:19,487 autoreload 7 139637005268800 Watching for file changes with StatReloader ('StatReloader',)
INFO 2021-05-17 21:33:32,074 basehttp 7 139636952983296 "GET / HTTP/1.1" 200 531 ('GET / HTTP/1.1', '200', '531')
INFO 2021-05-17 21:33:38,341 views 7 139636952983296 <QueryDict: {'csrfmiddlewaretoken': ['lWjt02x8cFybfdqR6QBG70CQa8oVIq9tMvkxg1XDuJie34hZSQVjBZILhmW1JtUs'], 'sender': ['dauren10@yandex.kz']}> ()
INFO 2021-05-17 21:33:38,344 basehttp 7 139636952983296 "POST / HTTP/1.1" 302 0 ('POST / HTTP/1.1', '302', '0')
INFO 2021-05-17 21:33:38,557 basehttp 7 139636952983296 "GET / HTTP/1.1" 200 531 ('GET / HTTP/1.1', '200', '531')
WARNING 2021-05-17 21:34:40,616 log 7 139636961376000 Bad Request: /api/ ('Bad Request', '/api/')
WARNING 2021-05-17 21:34:40,617 basehttp 7 139636961376000 "GET /api/?me=2 HTTP/1.1" 400 0 ('GET /api/?me=2 HTTP/1.1', '400', '0')
WARNING 2021-05-17 21:34:59,492 log 7 139636961376000 Not Found: /api/ ('Not Found', '/api/')
WARNING 2021-05-17 21:34:59,494 basehttp 7 139636961376000 "GET /api/?method=ping HTTP/1.1" 404 0 ('GET /api/?method=ping HTTP/1.1', '404', '0')
INFO 2021-05-17 21:49:43,928 autoreload 8 140229740033856 Watching for file changes with StatReloader ('StatReloader',)
INFO 2021-05-17 21:50:05,838 autoreload 8 140229740033856 /code/api/views.py changed, reloading. (PosixPath('/code/api/views.py'),)
INFO 2021-05-17 21:50:07,262 autoreload 10 140697054361408 Watching for file changes with StatReloader ('StatReloader',)
INFO 2021-05-17 21:50:35,237 autoreload 10 140697054361408 /code/api/views.py changed, reloading. (PosixPath('/code/api/views.py'),)
INFO 2021-05-17 21:50:37,746 autoreload 12 140393696585536 Watching for file changes with StatReloader ('StatReloader',)
INFO 2021-05-17 21:51:08,570 autoreload 12 140393696585536 /code/api/views.py changed, reloading. (PosixPath('/code/api/views.py'),)
INFO 2021-05-17 21:51:09,797 autoreload 14 140308444530496 Watching for file changes with StatReloader ('StatReloader',)
INFO 2021-05-17 21:51:29,446 autoreload 14 140308444530496 /code/api/views.py changed, reloading. (PosixPath('/code/api/views.py'),)
INFO 2021-05-17 21:51:30,455 autoreload 16 139733221549888 Watching for file changes with StatReloader ('StatReloader',)
INFO 2021-05-17 21:51:38,628 autoreload 16 139733221549888 /code/api/views.py changed, reloading. (PosixPath('/code/api/views.py'),)
INFO 2021-05-17 21:51:39,738 autoreload 18 139788916148032 Watching for file changes with StatReloader ('StatReloader',)
INFO 2021-05-17 21:54:34,571 autoreload 7 140564661708608 Watching for file changes with StatReloader ('StatReloader',)
INFO 2021-05-17 21:54:45,511 autoreload 7 140564661708608 /code/api/views.py changed, reloading. (PosixPath('/code/api/views.py'),)
INFO 2021-05-17 21:54:46,623 autoreload 9 140150971045696 Watching for file changes with StatReloader ('StatReloader',)
INFO 2021-05-17 21:55:20,320 autoreload 9 140150971045696 /code/api/views.py changed, reloading. (PosixPath('/code/api/views.py'),)
INFO 2021-05-17 21:55:21,821 autoreload 11 140161804900160 Watching for file changes with StatReloader ('StatReloader',)
WARNING 2021-05-17 21:55:44,932 log 11 140161690892032 Not Found: /api/parse ('Not Found', '/api/parse')
WARNING 2021-05-17 21:55:44,935 basehttp 11 140161690892032 "GET /api/parse HTTP/1.1" 404 2433 ('GET /api/parse HTTP/1.1', '404', '2433')
WARNING 2021-05-17 21:55:54,670 log 11 140161682499328 Not Found: /parse ('Not Found', '/parse')
WARNING 2021-05-17 21:55:54,672 basehttp 11 140161682499328 "GET /parse HTTP/1.1" 404 2360 ('GET /parse HTTP/1.1', '404', '2360')
INFO 2021-05-17 21:56:24,472 autoreload 11 140161804900160 /code/api/urls.py changed, reloading. (PosixPath('/code/api/urls.py'),)
INFO 2021-05-17 21:56:25,769 autoreload 17 140196653410112 Watching for file changes with StatReloader ('StatReloader',)
WARNING 2021-05-17 21:56:26,983 log 17 140196606895872 Not Found: /parse ('Not Found', '/parse')
WARNING 2021-05-17 21:56:26,984 basehttp 17 140196606895872 "GET /parse HTTP/1.1" 404 2360 ('GET /parse HTTP/1.1', '404', '2360')
WARNING 2021-05-17 21:56:32,674 log 17 140196606895872 Bad Request: /api/parse ('Bad Request', '/api/parse')
WARNING 2021-05-17 21:56:32,675 basehttp 17 140196606895872 "GET /api/parse HTTP/1.1" 400 0 ('GET /api/parse HTTP/1.1', '400', '0')
WARNING 2021-05-17 21:56:39,083 log 17 140196523800320 Not Found: /parse ('Not Found', '/parse')
WARNING 2021-05-17 21:56:39,084 basehttp 17 140196523800320 "GET /parse HTTP/1.1" 404 2360 ('GET /parse HTTP/1.1', '404', '2360')
INFO 2021-05-17 21:56:43,743 autoreload 17 140196653410112 /code/api/urls.py changed, reloading. (PosixPath('/code/api/urls.py'),)
INFO 2021-05-17 21:56:45,256 autoreload 25 140278500820800 Watching for file changes with StatReloader ('StatReloader',)
WARNING 2021-05-17 21:56:46,050 log 25 140278446438144 Not Found: /parse ('Not Found', '/parse')
WARNING 2021-05-17 21:56:46,055 basehttp 25 140278446438144 "GET /parse HTTP/1.1" 404 2360 ('GET /parse HTTP/1.1', '404', '2360')
INFO 2021-05-17 21:57:28,726 autoreload 25 140278500820800 /code/api/urls.py changed, reloading. (PosixPath('/code/api/urls.py'),)
INFO 2021-05-17 21:57:29,900 autoreload 29 139853866026816 Watching for file changes with StatReloader ('StatReloader',)
WARNING 2021-05-17 21:57:32,943 log 29 139853819250432 Not Found: /parse ('Not Found', '/parse')
WARNING 2021-05-17 21:57:32,946 basehttp 29 139853819250432 "GET /parse HTTP/1.1" 404 2360 ('GET /parse HTTP/1.1', '404', '2360')
INFO 2021-05-17 21:57:47,420 autoreload 29 139853866026816 /code/api/urls.py changed, reloading. (PosixPath('/code/api/urls.py'),)
INFO 2021-05-17 21:57:48,717 autoreload 33 140633701570368 Watching for file changes with StatReloader ('StatReloader',)
WARNING 2021-05-17 21:57:50,367 log 33 140633655056128 Not Found: /parse ('Not Found', '/parse')
WARNING 2021-05-17 21:57:50,368 basehttp 33 140633655056128 "GET /parse HTTP/1.1" 404 2360 ('GET /parse HTTP/1.1', '404', '2360')
WARNING 2021-05-17 21:57:52,155 log 33 140633655056128 Not Found: /parse ('Not Found', '/parse')
WARNING 2021-05-17 21:57:52,157 basehttp 33 140633655056128 "GET /parse HTTP/1.1" 404 2360 ('GET /parse HTTP/1.1', '404', '2360')
WARNING 2021-05-17 21:57:53,972 log 33 140633655056128 Not Found: /parse/ ('Not Found', '/parse/')
WARNING 2021-05-17 21:57:53,974 basehttp 33 140633655056128 "GET /parse/ HTTP/1.1" 404 2363 ('GET /parse/ HTTP/1.1', '404', '2363')
INFO 2021-05-17 21:58:03,729 autoreload 33 140633701570368 /code/api/urls.py changed, reloading. (PosixPath('/code/api/urls.py'),)
INFO 2021-05-17 21:58:04,639 autoreload 39 140252098574144 Watching for file changes with StatReloader ('StatReloader',)
WARNING 2021-05-17 21:58:07,982 log 39 140252051535616 Not Found: /parse/ ('Not Found', '/parse/')
WARNING 2021-05-17 21:58:07,984 basehttp 39 140252051535616 "GET /parse/ HTTP/1.1" 404 2363 ('GET /parse/ HTTP/1.1', '404', '2363')
WARNING 2021-05-17 21:58:10,049 log 39 140252051535616 Not Found: /parse ('Not Found', '/parse')
WARNING 2021-05-17 21:58:10,050 basehttp 39 140252051535616 "GET /parse HTTP/1.1" 404 2360 ('GET /parse HTTP/1.1', '404', '2360')
WARNING 2021-05-17 21:58:15,519 log 39 140252051535616 Not Found: /api/parse ('Not Found', '/api/parse')
WARNING 2021-05-17 21:58:15,524 basehttp 39 140252051535616 "GET /api/parse HTTP/1.1" 404 2604 ('GET /api/parse HTTP/1.1', '404', '2604')
INFO 2021-05-17 21:58:32,562 autoreload 39 140252098574144 /code/api/urls.py changed, reloading. (PosixPath('/code/api/urls.py'),)
INFO 2021-05-17 21:58:33,775 autoreload 45 139842796562240 Watching for file changes with StatReloader ('StatReloader',)
WARNING 2021-05-17 21:58:35,388 log 45 139842750048000 Not Found: /api/parse ('Not Found', '/api/parse')
WARNING 2021-05-17 21:58:35,390 basehttp 45 139842750048000 "GET /api/parse HTTP/1.1" 404 2439 ('GET /api/parse HTTP/1.1', '404', '2439')
WARNING 2021-05-17 21:58:38,055 log 45 139842750048000 Not Found: /parse ('Not Found', '/parse')
WARNING 2021-05-17 21:58:38,061 basehttp 45 139842750048000 "GET /parse HTTP/1.1" 404 2360 ('GET /parse HTTP/1.1', '404', '2360')
INFO 2021-05-17 21:58:53,069 autoreload 45 139842796562240 /code/api/views.py changed, reloading. (PosixPath('/code/api/views.py'),)
INFO 2021-05-17 21:58:54,233 autoreload 51 139741199648576 Watching for file changes with StatReloader ('StatReloader',)
WARNING 2021-05-17 21:58:55,567 log 51 139741153134336 Not Found: /parse ('Not Found', '/parse')
WARNING 2021-05-17 21:58:55,569 basehttp 51 139741153134336 "GET /parse HTTP/1.1" 404 2360 ('GET /parse HTTP/1.1', '404', '2360')
WARNING 2021-05-17 21:58:56,517 log 51 139741153134336 Not Found: /parse ('Not Found', '/parse')
WARNING 2021-05-17 21:58:56,519 basehttp 51 139741153134336 "GET /parse HTTP/1.1" 404 2360 ('GET /parse HTTP/1.1', '404', '2360')
WARNING 2021-05-17 21:59:00,373 log 51 139741153134336 Not Found: /parse/ ('Not Found', '/parse/')
WARNING 2021-05-17 21:59:00,374 basehttp 51 139741153134336 "GET /parse/ HTTP/1.1" 404 2363 ('GET /parse/ HTTP/1.1', '404', '2363')
INFO 2021-05-17 21:59:06,096 autoreload 51 139741199648576 /code/api/urls.py changed, reloading. (PosixPath('/code/api/urls.py'),)
INFO 2021-05-17 21:59:07,400 autoreload 57 140103154730816 Watching for file changes with StatReloader ('StatReloader',)
WARNING 2021-05-17 21:59:08,929 log 57 140103040890624 Not Found: /parse/ ('Not Found', '/parse/')
WARNING 2021-05-17 21:59:08,930 basehttp 57 140103040890624 "GET /parse/ HTTP/1.1" 404 2363 ('GET /parse/ HTTP/1.1', '404', '2363')
WARNING 2021-05-17 21:59:10,550 log 57 140103040890624 Not Found: /parse ('Not Found', '/parse')
WARNING 2021-05-17 21:59:10,555 basehttp 57 140103040890624 "GET /parse HTTP/1.1" 404 2360 ('GET /parse HTTP/1.1', '404', '2360')
INFO 2021-05-17 22:00:24,506 autoreload 57 140103154730816 /code/api/urls.py changed, reloading. (PosixPath('/code/api/urls.py'),)
INFO 2021-05-17 22:00:26,012 autoreload 61 139704551085888 Watching for file changes with StatReloader ('StatReloader',)
WARNING 2021-05-17 22:00:35,239 log 61 139704504047360 Not Found: /parse ('Not Found', '/parse')
WARNING 2021-05-17 22:00:35,241 basehttp 61 139704504047360 "GET /parse HTTP/1.1" 404 2360 ('GET /parse HTTP/1.1', '404', '2360')
WARNING 2021-05-17 22:00:38,704 log 61 139704504047360 Not Found: /parse/ ('Not Found', '/parse/')
WARNING 2021-05-17 22:00:38,705 basehttp 61 139704504047360 "GET /parse/ HTTP/1.1" 404 2363 ('GET /parse/ HTTP/1.1', '404', '2363')
INFO 2021-05-17 22:01:09,741 autoreload 61 139704551085888 /code/api/urls.py changed, reloading. (PosixPath('/code/api/urls.py'),)
INFO 2021-05-17 22:01:10,669 autoreload 65 139994545387328 Watching for file changes with StatReloader ('StatReloader',)
WARNING 2021-05-17 22:01:17,478 log 65 139994498348800 Not Found: /parse/ ('Not Found', '/parse/')
WARNING 2021-05-17 22:01:17,480 basehttp 65 139994498348800 "GET /parse/ HTTP/1.1" 404 2363 ('GET /parse/ HTTP/1.1', '404', '2363')
WARNING 2021-05-17 22:01:20,334 log 65 139994489956096 Not Found: /parse ('Not Found', '/parse')
WARNING 2021-05-17 22:01:20,336 basehttp 65 139994489956096 "GET /parse HTTP/1.1" 404 2360 ('GET /parse HTTP/1.1', '404', '2360')
INFO 2021-05-17 22:01:29,955 basehttp 65 139994498348800 "GET /admin/ HTTP/1.1" 302 0 ('GET /admin/ HTTP/1.1', '302', '0')
INFO 2021-05-17 22:01:30,375 basehttp 65 139994498348800 "GET /admin/login/?next=/admin/ HTTP/1.1" 200 2214 ('GET /admin/login/?next=/admin/ HTTP/1.1', '200', '2214')
INFO 2021-05-17 22:01:31,016 basehttp 65 139994123466496 "GET /static/admin/js/nav_sidebar.js HTTP/1.1" 200 1360 ('GET /static/admin/js/nav_sidebar.js HTTP/1.1', '200', '1360')
INFO 2021-05-17 22:01:31,025 basehttp 65 139994471753472 "GET /static/admin/css/responsive.css HTTP/1.1" 200 18545 ('GET /static/admin/css/responsive.css HTTP/1.1', '200', '18545')
INFO 2021-05-17 22:01:31,028 basehttp 65 139994498348800 "GET /static/admin/css/base.css HTTP/1.1" 200 19513 ('GET /static/admin/css/base.css HTTP/1.1', '200', '19513')
INFO 2021-05-17 22:01:31,029 basehttp 65 139994480146176 "GET /static/admin/css/login.css HTTP/1.1" 200 939 ('GET /static/admin/css/login.css HTTP/1.1', '200', '939')
INFO 2021-05-17 22:01:31,031 basehttp 65 139994489956096 "GET /static/admin/css/nav_sidebar.css HTTP/1.1" 200 2271 ('GET /static/admin/css/nav_sidebar.css HTTP/1.1', '200', '2271')
INFO 2021-05-17 22:01:31,209 basehttp 65 139994489956096 "GET /static/admin/css/fonts.css HTTP/1.1" 200 423 ('GET /static/admin/css/fonts.css HTTP/1.1', '200', '423')
INFO 2021-05-17 22:01:31,358 basehttp 65 139994480146176 "GET /static/admin/fonts/Roboto-Light-webfont.woff HTTP/1.1" 200 85692 ('GET /static/admin/fonts/Roboto-Light-webfont.woff HTTP/1.1', '200', '85692')
INFO 2021-05-17 22:01:31,361 basehttp 65 139994489956096 "GET /static/admin/fonts/Roboto-Regular-webfont.woff HTTP/1.1" 200 85876 ('GET /static/admin/fonts/Roboto-Regular-webfont.woff HTTP/1.1', '200', '85876')
WARNING 2021-05-17 22:01:36,149 log 65 139994480146176 Not Found: /api/ ('Not Found', '/api/')
WARNING 2021-05-17 22:01:36,150 basehttp 65 139994480146176 "GET /api/ HTTP/1.1" 404 2424 ('GET /api/ HTTP/1.1', '404', '2424')
WARNING 2021-05-17 22:01:41,783 log 65 139994480146176 Not Found: /parse ('Not Found', '/parse')
WARNING 2021-05-17 22:01:41,785 basehttp 65 139994480146176 "GET /parse HTTP/1.1" 404 2360 ('GET /parse HTTP/1.1', '404', '2360')
INFO 2021-05-17 22:02:05,957 basehttp 65 139994480146176 "GET /api/parse HTTP/1.1" 301 0 ('GET /api/parse HTTP/1.1', '301', '0')
INFO 2021-05-17 22:02:07,442 basehttp 65 139994480146176 "GET /api/parse/ HTTP/1.1" 200 5146 ('GET /api/parse/ HTTP/1.1', '200', '5146')
INFO 2021-05-17 22:02:07,963 basehttp 65 139994115073792 "GET /static/rest_framework/css/bootstrap-tweaks.css HTTP/1.1" 200 3385 ('GET /static/rest_framework/css/bootstrap-tweaks.css HTTP/1.1', '200', '3385')
INFO 2021-05-17 22:02:07,963 basehttp 65 139994489956096 "GET /static/rest_framework/css/default.css HTTP/1.1" 200 1131 ('GET /static/rest_framework/css/default.css HTTP/1.1', '200', '1131')
INFO 2021-05-17 22:02:07,974 basehttp 65 139994498348800 "GET /static/rest_framework/css/prettify.css HTTP/1.1" 200 817 ('GET /static/rest_framework/css/prettify.css HTTP/1.1', '200', '817')
INFO 2021-05-17 22:02:08,048 basehttp 65 139994106681088 "GET /static/rest_framework/js/ajax-form.js HTTP/1.1" 200 3597 ('GET /static/rest_framework/js/ajax-form.js HTTP/1.1', '200', '3597')
INFO 2021-05-17 22:02:08,056 basehttp 65 139994498348800 "GET /static/rest_framework/js/csrf.js HTTP/1.1" 200 1719 ('GET /static/rest_framework/js/csrf.js HTTP/1.1', '200', '1719')
INFO 2021-05-17 22:02:08,058 basehttp 65 139994489956096 "GET /static/rest_framework/js/prettify-min.js HTTP/1.1" 200 13632 ('GET /static/rest_framework/js/prettify-min.js HTTP/1.1', '200', '13632')
INFO 2021-05-17 22:02:08,080 basehttp 65 139994480146176 "GET /static/rest_framework/css/bootstrap.min.css HTTP/1.1" 200 121457 ('GET /static/rest_framework/css/bootstrap.min.css HTTP/1.1', '200', '121457')
INFO 2021-05-17 22:02:08,082 basehttp 65 139994106681088 "GET /static/rest_framework/js/default.js HTTP/1.1" 200 1268 ('GET /static/rest_framework/js/default.js HTTP/1.1', '200', '1268')
INFO 2021-05-17 22:02:08,084 basehttp 65 139994123466496 "GET /static/rest_framework/js/jquery-3.5.1.min.js HTTP/1.1" 200 89476 ('GET /static/rest_framework/js/jquery-3.5.1.min.js HTTP/1.1', '200', '89476')
INFO 2021-05-17 22:02:08,086 basehttp 65 139994115073792 "GET /static/rest_framework/js/bootstrap.min.js HTTP/1.1" 200 39680 ('GET /static/rest_framework/js/bootstrap.min.js HTTP/1.1', '200', '39680')
INFO 2021-05-17 22:02:08,197 basehttp 65 139994489956096 "GET /static/rest_framework/img/grid.png HTTP/1.1" 200 1458 ('GET /static/rest_framework/img/grid.png HTTP/1.1', '200', '1458')
INFO 2021-05-17 22:02:19,553 autoreload 65 139994545387328 /code/api/urls.py changed, reloading. (PosixPath('/code/api/urls.py'),)
INFO 2021-05-17 22:02:21,430 autoreload 86 139631876282176 Watching for file changes with StatReloader ('StatReloader',)
INFO 2021-05-17 22:02:22,892 basehttp 86 139631830030080 "GET /api/parse/ HTTP/1.1" 200 5240 ('GET /api/parse/ HTTP/1.1', '200', '5240')
INFO 2021-05-17 22:02:25,205 basehttp 86 139631821637376 "GET /api/parse/ HTTP/1.1" 200 5240 ('GET /api/parse/ HTTP/1.1', '200', '5240')
INFO 2021-05-17 22:02:50,213 autoreload 86 139631876282176 /code/api/views.py changed, reloading. (PosixPath('/code/api/views.py'),)
INFO 2021-05-17 22:02:51,791 autoreload 92 140420404827968 Watching for file changes with StatReloader ('StatReloader',)
INFO 2021-05-17 22:02:55,166 basehttp 92 140420349921024 "GET /api/parse/ HTTP/1.1" 200 145471 ('GET /api/parse/ HTTP/1.1', '200', '145471')
INFO 2021-05-17 22:04:43,806 autoreload 92 140420404827968 /code/api/views.py changed, reloading. (PosixPath('/code/api/views.py'),)
INFO 2021-05-17 22:04:46,039 autoreload 98 139698328524608 Watching for file changes with StatReloader ('StatReloader',)
INFO 2021-05-17 22:05:58,908 autoreload 98 139698328524608 /code/api/views.py changed, reloading. (PosixPath('/code/api/views.py'),)
INFO 2021-05-17 22:06:01,860 autoreload 100 140448629536576 Watching for file changes with StatReloader ('StatReloader',)
INFO 2021-05-17 22:06:40,067 autoreload 100 140448629536576 /code/api/views.py changed, reloading. (PosixPath('/code/api/views.py'),)
INFO 2021-05-17 22:06:41,439 autoreload 102 140229786720064 Watching for file changes with StatReloader ('StatReloader',)
INFO 2021-05-17 22:06:59,818 basehttp 102 140229664040704 "GET /api/parse/ HTTP/1.1" 200 21679 ('GET /api/parse/ HTTP/1.1', '200', '21679')
INFO 2021-05-17 22:07:00,400 basehttp 102 140229664040704 "GET /static/rest_framework/css/bootstrap.min.css HTTP/1.1" 304 0 ('GET /static/rest_framework/css/bootstrap.min.css HTTP/1.1', '304', '0')
INFO 2021-05-17 22:07:00,400 basehttp 102 140229637183232 "GET /static/rest_framework/css/default.css HTTP/1.1" 304 0 ('GET /static/rest_framework/css/default.css HTTP/1.1', '304', '0')
INFO 2021-05-17 22:07:00,403 basehttp 102 140229645575936 "GET /static/rest_framework/css/prettify.css HTTP/1.1" 304 0 ('GET /static/rest_framework/css/prettify.css HTTP/1.1', '304', '0')
INFO 2021-05-17 22:07:00,406 basehttp 102 140229672433408 "GET /static/rest_framework/css/bootstrap-tweaks.css HTTP/1.1" 304 0 ('GET /static/rest_framework/css/bootstrap-tweaks.css HTTP/1.1', '304', '0')
INFO 2021-05-17 22:07:00,409 basehttp 102 140229628790528 "GET /static/rest_framework/js/csrf.js HTTP/1.1" 304 0 ('GET /static/rest_framework/js/csrf.js HTTP/1.1', '304', '0')
INFO 2021-05-17 22:07:00,413 basehttp 102 140229653968640 "GET /static/rest_framework/js/jquery-3.5.1.min.js HTTP/1.1" 304 0 ('GET /static/rest_framework/js/jquery-3.5.1.min.js HTTP/1.1', '304', '0')
INFO 2021-05-17 22:07:00,414 basehttp 102 140229664040704 "GET /static/rest_framework/js/ajax-form.js HTTP/1.1" 304 0 ('GET /static/rest_framework/js/ajax-form.js HTTP/1.1', '304', '0')
INFO 2021-05-17 22:07:00,416 basehttp 102 140229637183232 "GET /static/rest_framework/js/bootstrap.min.js HTTP/1.1" 304 0 ('GET /static/rest_framework/js/bootstrap.min.js HTTP/1.1', '304', '0')
INFO 2021-05-17 22:07:00,423 basehttp 102 140229645575936 "GET /static/rest_framework/js/prettify-min.js HTTP/1.1" 304 0 ('GET /static/rest_framework/js/prettify-min.js HTTP/1.1', '304', '0')
INFO 2021-05-17 22:07:00,424 basehttp 102 140229672433408 "GET /static/rest_framework/js/default.js HTTP/1.1" 304 0 ('GET /static/rest_framework/js/default.js HTTP/1.1', '304', '0')
INFO 2021-05-17 22:07:01,087 basehttp 102 140229672433408 "GET /static/rest_framework/img/grid.png HTTP/1.1" 304 0 ('GET /static/rest_framework/img/grid.png HTTP/1.1', '304', '0')
INFO 2021-05-17 22:07:26,556 autoreload 102 140229786720064 /code/api/views.py changed, reloading. (PosixPath('/code/api/views.py'),)
INFO 2021-05-17 22:07:27,962 autoreload 111 140065802676032 Watching for file changes with StatReloader ('StatReloader',)
INFO 2021-05-17 22:07:30,055 basehttp 111 140065756161792 "GET /api/parse/ HTTP/1.1" 200 13117 ('GET /api/parse/ HTTP/1.1', '200', '13117')
INFO 2021-05-17 22:07:42,094 autoreload 111 140065802676032 /code/api/views.py changed, reloading. (PosixPath('/code/api/views.py'),)
INFO 2021-05-17 22:07:43,487 autoreload 115 140085708048192 Watching for file changes with StatReloader ('StatReloader',)
INFO 2021-05-17 22:07:45,020 basehttp 115 140085592848128 "GET /api/parse/ HTTP/1.1" 200 97609 ('GET /api/parse/ HTTP/1.1', '200', '97609')
INFO 2021-05-17 22:08:06,993 autoreload 115 140085708048192 /code/api/views.py changed, reloading. (PosixPath('/code/api/views.py'),)
INFO 2021-05-17 22:08:08,061 autoreload 119 140669900093248 Watching for file changes with StatReloader ('StatReloader',)
INFO 2021-05-17 22:08:09,714 basehttp 119 140669853841152 "GET /api/parse/ HTTP/1.1" 200 13117 ('GET /api/parse/ HTTP/1.1', '200', '13117')
INFO 2021-05-17 22:08:47,515 autoreload 119 140669900093248 /code/api/views.py changed, reloading. (PosixPath('/code/api/views.py'),)
INFO 2021-05-17 22:08:54,474 autoreload 123 140355985831744 Watching for file changes with StatReloader ('StatReloader',)
INFO 2021-05-17 22:09:08,241 basehttp 123 140355939317504 "GET /api/parse/ HTTP/1.1" 200 8920 ('GET /api/parse/ HTTP/1.1', '200', '8920')
INFO 2021-05-17 22:09:14,859 autoreload 123 140355985831744 /code/api/views.py changed, reloading. (PosixPath('/code/api/views.py'),)
INFO 2021-05-17 22:09:16,203 autoreload 129 140188995475264 Watching for file changes with StatReloader ('StatReloader',)
INFO 2021-05-17 22:09:18,176 basehttp 129 140188949223168 "GET /api/parse/ HTTP/1.1" 200 112598 ('GET /api/parse/ HTTP/1.1', '200', '112598')
WARNING 2021-05-17 22:09:18,701 basehttp 129 140188847056640 "GET /static/skydns-site-new/css/plugins/empty-block-1e3690863b.css HTTP/1.1" 404 1921 ('GET /static/skydns-site-new/css/plugins/empty-block-1e3690863b.css HTTP/1.1', '404', '1921')
WARNING 2021-05-17 22:09:18,708 basehttp 129 140188855449344 "GET /static/skydns-site-new/css/plugins/our-solutions-ee0d33f01e.css HTTP/1.1" 404 1927 ('GET /static/skydns-site-new/css/plugins/our-solutions-ee0d33f01e.css HTTP/1.1', '404', '1927')
WARNING 2021-05-17 22:09:18,710 basehttp 129 140188863842048 "GET /static/skydns-site-new/css/plugins/content-with-background-4e753dea76.css HTTP/1.1" 404 1957 ('GET /static/skydns-site-new/css/plugins/content-with-background-4e753dea76.css HTTP/1.1', '404', '1957')
WARNING 2021-05-17 22:09:18,710 basehttp 129 140188949223168 "GET /static/skydns-site-new/css/font-awesome-35ef93969a.min.css HTTP/1.1" 404 1912 ('GET /static/skydns-site-new/css/font-awesome-35ef93969a.min.css HTTP/1.1', '404', '1912')
WARNING 2021-05-17 22:09:18,711 basehttp 129 140188838663936 "GET /static/skydns-site-new/css/plugins/yellow-line-51096f4d05.css HTTP/1.1" 404 1921 ('GET /static/skydns-site-new/css/plugins/yellow-line-51096f4d05.css HTTP/1.1', '404', '1921')
WARNING 2021-05-17 22:09:18,711 basehttp 129 140188873389824 "GET /static/skydns-site-new/css/plugins/main-slider-7c7e1dabc8.css HTTP/1.1" 404 1921 ('GET /static/skydns-site-new/css/plugins/main-slider-7c7e1dabc8.css HTTP/1.1', '404', '1921')
WARNING 2021-05-17 22:09:18,757 basehttp 129 140188855449344 "GET /static/skydns-site-new/css/plugins/ti-slider-e10d4ed893.css HTTP/1.1" 404 1915 ('GET /static/skydns-site-new/css/plugins/ti-slider-e10d4ed893.css HTTP/1.1', '404', '1915')
WARNING 2021-05-17 22:09:18,797 basehttp 129 140188863842048 "GET /static/skydns-site-new/css/plugins/client-slider-9adc8901f2.css HTTP/1.1" 404 1927 ('GET /static/skydns-site-new/css/plugins/client-slider-9adc8901f2.css HTTP/1.1', '404', '1927')
WARNING 2021-05-17 22:09:18,806 basehttp 129 140188838663936 "GET /static/skydns-site-new/css/plugins/content-with-background-4e753dea76.css HTTP/1.1" 404 1957 ('GET /static/skydns-site-new/css/plugins/content-with-background-4e753dea76.css HTTP/1.1', '404', '1957')
WARNING 2021-05-17 22:09:18,809 basehttp 129 140188873389824 "GET /static/skydns-site-new/css/plugins/flatpage-news-1756c525a7.css HTTP/1.1" 404 1927 ('GET /static/skydns-site-new/css/plugins/flatpage-news-1756c525a7.css HTTP/1.1', '404', '1927')
WARNING 2021-05-17 22:09:18,911 basehttp 129 140188847056640 "GET /static/skydns-site-new/css/plugins/our-solutions-ee0d33f01e.css HTTP/1.1" 404 1927 ('GET /static/skydns-site-new/css/plugins/our-solutions-ee0d33f01e.css HTTP/1.1', '404', '1927')
WARNING 2021-05-17 22:09:18,920 basehttp 129 140188838663936 "GET /static/skydns-site-new/js/blocks/top-manager-1a64428910.js HTTP/1.1" 404 1912 ('GET /static/skydns-site-new/js/blocks/top-manager-1a64428910.js HTTP/1.1', '404', '1912')
WARNING 2021-05-17 22:09:18,944 basehttp 129 140188873389824 "GET /static/skydns-site-new/css/plugins/empty-block-1e3690863b.css HTTP/1.1" 404 1921 ('GET /static/skydns-site-new/css/plugins/empty-block-1e3690863b.css HTTP/1.1', '404', '1921')
WARNING 2021-05-17 22:09:19,001 basehttp 129 140188863842048 "GET /static/common/js/vendor-c160811e64.js HTTP/1.1" 404 1849 ('GET /static/common/js/vendor-c160811e64.js HTTP/1.1', '404', '1849')
WARNING 2021-05-17 22:09:19,021 basehttp 129 140188949223168 "GET /static/skydns-site-new/js/blocks/mobile-menu-3824614d0a.js HTTP/1.1" 404 1912 ('GET /static/skydns-site-new/js/blocks/mobile-menu-3824614d0a.js HTTP/1.1', '404', '1912')
WARNING 2021-05-17 22:09:19,030 basehttp 129 140188855449344 "GET /static/skydns-site-new/js/app-e80cbdbe78.js HTTP/1.1" 404 1867 ('GET /static/skydns-site-new/js/app-e80cbdbe78.js HTTP/1.1', '404', '1867')
WARNING 2021-05-17 22:09:19,043 basehttp 129 140188847056640 "GET /static/common/js/plugins/statistic-line-3507cdf391.js HTTP/1.1" 404 1897 ('GET /static/common/js/plugins/statistic-line-3507cdf391.js HTTP/1.1', '404', '1897')
WARNING 2021-05-17 22:09:19,089 basehttp 129 140188838663936 "GET /static/skydns-site-new/js/libs/slick-53c8823610.min.js HTTP/1.1" 404 1900 ('GET /static/skydns-site-new/js/libs/slick-53c8823610.min.js HTTP/1.1', '404', '1900')
WARNING 2021-05-17 22:09:19,127 basehttp 129 140188873389824 "GET /static/skydns-site-new/js/plugins/ti-slider-583ca70766.js HTTP/1.1" 404 1909 ('GET /static/skydns-site-new/js/plugins/ti-slider-583ca70766.js HTTP/1.1', '404', '1909')
WARNING 2021-05-17 22:09:19,142 basehttp 129 140188863842048 "GET /static/skydns-site-new/fonts/source-sans-pro-v11-latin_cyrillic-ext-regular.woff2 HTTP/1.1" 404 1981 ('GET /static/skydns-site-new/fonts/source-sans-pro-v11-latin_cyrillic-ext-regular.woff2 HTTP/1.1', '404', '1981')
WARNING 2021-05-17 22:09:19,152 basehttp 129 140188949223168 "GET /static/skydns-site-new/img/logo-932b97a215.png HTTP/1.1" 404 1876 ('GET /static/skydns-site-new/img/logo-932b97a215.png HTTP/1.1', '404', '1876')
WARNING 2021-05-17 22:09:19,153 basehttp 129 140188829116160 "GET /static/uploads/new_prizes/cnews-ssas-top-1-min.png HTTP/1.1" 404 1888 ('GET /static/uploads/new_prizes/cnews-ssas-top-1-min.png HTTP/1.1', '404', '1888')
WARNING 2021-05-17 22:09:19,156 basehttp 129 140188855449344 "GET /static/skydns-site-new/js/plugins/client-slider-af9b37460d.js HTTP/1.1" 404 1921 ('GET /static/skydns-site-new/js/plugins/client-slider-af9b37460d.js HTTP/1.1', '404', '1921')
WARNING 2021-05-17 22:09:19,188 basehttp 129 140188838663936 "GET /static/uploads/new_prizes/reestr-min.png HTTP/1.1" 404 1858 ('GET /static/uploads/new_prizes/reestr-min.png HTTP/1.1', '404', '1858')
WARNING 2021-05-17 22:09:19,211 basehttp 129 140188847056640 "GET /static/uploads/new_prizes/AM-2016-min.png HTTP/1.1" 404 1861 ('GET /static/uploads/new_prizes/AM-2016-min.png HTTP/1.1', '404', '1861')
WARNING 2021-05-17 22:09:19,257 basehttp 129 140188863842048 "GET /static/uploads/new_prizes/pcmag-2013-f-min.png HTTP/1.1" 404 1876 ('GET /static/uploads/new_prizes/pcmag-2013-f-min.png HTTP/1.1', '404', '1876')
WARNING 2021-05-17 22:09:19,280 basehttp 129 140188829116160 "GET /static/uploads/new_prizes/pcmag-2016-f-min.png HTTP/1.1" 404 1876 ('GET /static/uploads/new_prizes/pcmag-2016-f-min.png HTTP/1.1', '404', '1876')
WARNING 2021-05-17 22:09:19,307 basehttp 129 140188838663936 "GET /static/uploads/slider/slyder_biz2021.png HTTP/1.1" 404 1858 ('GET /static/uploads/slider/slyder_biz2021.png HTTP/1.1', '404', '1858')
WARNING 2021-05-17 22:09:19,308 basehttp 129 140188855449344 "GET /static/uploads/logo-manufacturers/keenetic_logo.png HTTP/1.1" 404 1891 ('GET /static/uploads/logo-manufacturers/keenetic_logo.png HTTP/1.1', '404', '1891')
WARNING 2021-05-17 22:09:19,350 basehttp 129 140188873389824 "GET /static/uploads/logo-klienty/moi-doc.png HTTP/1.1" 404 1855 ('GET /static/uploads/logo-klienty/moi-doc.png HTTP/1.1', '404', '1855')
WARNING 2021-05-17 22:09:19,363 basehttp 129 140188949223168 "GET /static/uploads/main-slyder-home.jpg HTTP/1.1" 404 1843 ('GET /static/uploads/main-slyder-home.jpg HTTP/1.1', '404', '1843')
WARNING 2021-05-17 22:09:19,384 basehttp 129 140188847056640 "GET /static/uploads/new_logo-klienty/dom.ru-min.png HTTP/1.1" 404 1876 ('GET /static/uploads/new_logo-klienty/dom.ru-min.png HTTP/1.1', '404', '1876')
WARNING 2021-05-17 22:09:19,402 basehttp 129 140188829116160 "GET /static/uploads/new_logo-klienty/Sch1251-min.png HTTP/1.1" 404 1879 ('GET /static/uploads/new_logo-klienty/Sch1251-min.png HTTP/1.1', '404', '1879')
WARNING 2021-05-17 22:09:19,469 basehttp 129 140188855449344 "GET /static/uploads/new_logo-klienty/mifi-min.png HTTP/1.1" 404 1870 ('GET /static/uploads/new_logo-klienty/mifi-min.png HTTP/1.1', '404', '1870')
WARNING 2021-05-17 22:09:19,482 basehttp 129 140188949223168 "GET /static/uploads/new_logo-klienty/it-park-min.png HTTP/1.1" 404 1879 ('GET /static/uploads/new_logo-klienty/it-park-min.png HTTP/1.1', '404', '1879')
WARNING 2021-05-17 22:09:19,517 basehttp 129 140188838663936 "GET /static/uploads/new_logo-klienty/vgeek-min.png HTTP/1.1" 404 1873 ('GET /static/uploads/new_logo-klienty/vgeek-min.png HTTP/1.1', '404', '1873')
WARNING 2021-05-17 22:09:19,517 basehttp 129 140188873389824 "GET /static/uploads/new_logo-klienty/akado-min.png HTTP/1.1" 404 1873 ('GET /static/uploads/new_logo-klienty/akado-min.png HTTP/1.1', '404', '1873')
WARNING 2021-05-17 22:09:19,550 basehttp 129 140188829116160 "GET /static/uploads/new_logo-klienty/dlink-min.png HTTP/1.1" 404 1873 ('GET /static/uploads/new_logo-klienty/dlink-min.png HTTP/1.1', '404', '1873')
WARNING 2021-05-17 22:09:19,555 basehttp 129 140188847056640 "GET /static/uploads/new_logo-klienty/moex-min.png HTTP/1.1" 404 1870 ('GET /static/uploads/new_logo-klienty/moex-min.png HTTP/1.1', '404', '1870')
WARNING 2021-05-17 22:09:19,575 basehttp 129 140188949223168 "GET /static/uploads/logo-klienty/azedunet.png HTTP/1.1" 404 1858 ('GET /static/uploads/logo-klienty/azedunet.png HTTP/1.1', '404', '1858')
WARNING 2021-05-17 22:09:19,629 basehttp 129 140188855449344 "GET /static/uploads/new_slider/slyder-main-school-F-min.jpg HTTP/1.1" 404 1900 ('GET /static/uploads/new_slider/slyder-main-school-F-min.jpg HTTP/1.1', '404', '1900')
WARNING 2021-05-17 22:09:19,659 basehttp 129 140188838663936 "GET /static/skydns-site-new/js/blocks/mobile-menu-3824614d0a.js HTTP/1.1" 404 1912 ('GET /static/skydns-site-new/js/blocks/mobile-menu-3824614d0a.js HTTP/1.1', '404', '1912')
WARNING 2021-05-17 22:09:19,667 basehttp 129 140188873389824 "GET /static/uploads/slider/slyder-blue2021.jpg HTTP/1.1" 404 1861 ('GET /static/uploads/slider/slyder-blue2021.jpg HTTP/1.1', '404', '1861')
WARNING 2021-05-17 22:09:19,689 basehttp 129 140188829116160 "GET /static/skydns-site-new/fonts/source-sans-pro-v11-latin_cyrillic-ext-regular.woff HTTP/1.1" 404 1978 ('GET /static/skydns-site-new/fonts/source-sans-pro-v11-latin_cyrillic-ext-regular.woff HTTP/1.1', '404', '1978')
WARNING 2021-05-17 22:09:19,690 basehttp 129 140188949223168 "GET /static/uploads/new_slider/slyder-top-partners-f-min.jpg HTTP/1.1" 404 1903 ('GET /static/uploads/new_slider/slyder-top-partners-f-min.jpg HTTP/1.1', '404', '1903')
WARNING 2021-05-17 22:09:19,697 basehttp 129 140188847056640 "GET /static/skydns-site-new/img/flatpage-news__bg-2a19af44bf.png HTTP/1.1" 404 1915 ('GET /static/skydns-site-new/img/flatpage-news__bg-2a19af44bf.png HTTP/1.1', '404', '1915')
WARNING 2021-05-17 22:09:19,824 basehttp 129 140188847056640 "GET /static/skydns-site-new/js/libs/slick-53c8823610.min.js HTTP/1.1" 404 1900 ('GET /static/skydns-site-new/js/libs/slick-53c8823610.min.js HTTP/1.1', '404', '1900')
WARNING 2021-05-17 22:09:19,886 basehttp 129 140188847056640 "GET /static/skydns-site-new/fonts/source-sans-pro-v11-latin_cyrillic-ext-regular.ttf HTTP/1.1" 404 1975 ('GET /static/skydns-site-new/fonts/source-sans-pro-v11-latin_cyrillic-ext-regular.ttf HTTP/1.1', '404', '1975')
WARNING 2021-05-17 22:09:20,025 basehttp 129 140188847056640 "GET /static/common/js/plugins/statistic-line-3507cdf391.js HTTP/1.1" 404 1897 ('GET /static/common/js/plugins/statistic-line-3507cdf391.js HTTP/1.1', '404', '1897')
WARNING 2021-05-17 22:09:20,214 basehttp 129 140188847056640 "GET /static/skydns-site-new/js/plugins/ti-slider-583ca70766.js HTTP/1.1" 404 1909 ('GET /static/skydns-site-new/js/plugins/ti-slider-583ca70766.js HTTP/1.1', '404', '1909')
WARNING 2021-05-17 22:09:20,251 basehttp 129 140188847056640 "GET /static/skydns-site-new/js/plugins/client-slider-af9b37460d.js HTTP/1.1" 404 1921 ('GET /static/skydns-site-new/js/plugins/client-slider-af9b37460d.js HTTP/1.1', '404', '1921')
WARNING 2021-05-17 22:09:20,768 basehttp 129 140188847056640 "GET /static/skydns-site-new/css/main-f94fd5f918.css HTTP/1.1" 404 1876 ('GET /static/skydns-site-new/css/main-f94fd5f918.css HTTP/1.1', '404', '1876')
INFO 2021-05-17 22:09:39,017 autoreload 129 140188995475264 /code/api/views.py changed, reloading. (PosixPath('/code/api/views.py'),)
INFO 2021-05-17 22:09:40,286 autoreload 183 140412341360448 Watching for file changes with StatReloader ('StatReloader',)
